<?xml version="1.0" encoding="UTF-8"?>
<!-- Generated by org.testng.reporters.JUnitXMLReporter -->
<testsuite hostname="LAPTOP-LV9ILFVR" ignored="0" name="Command line test" tests="1" failures="1" timestamp="20 дек 2018 10:22:54 GMT" time="0.149" errors="0">
  <testcase name="getAll" time="0.072" classname="by.chebotar.DAO.ShapeControllerTest">
    <failure type="java.lang.AssertionError" message="expected [null] but found [{}]">
      <![CDATA[java.lang.AssertionError: expected [null] but found [{}]
at by.chebotar.DAO.ShapeControllerTest.getAll(ShapeControllerTest.java:13)
... Removed 39 stack frames]]>
    </failure>
  </testcase> <!-- getAll -->
</testsuite> <!-- Command line test -->
